<?xml version="1.0" encoding="UTF-8"?>
<!-- Generated by org.testng.reporters.JUnitReportReporter -->
<testsuite hostname="Samsu" name="com.hdfc_project.script.VarifyLogout" tests="1" failures="0" timestamp="16 Mar 2020 12:28:14 GMT" time="9.601" errors="0">
  <testcase name="VarifyLogoutButton" time="9.601" classname="com.hdfc_project.script.VarifyLogout"/>
</testsuite> <!-- com.hdfc_project.script.VarifyLogout -->
