<?xml version="1.0" encoding="UTF-8"?>
<!-- Generated by org.testng.reporters.JUnitReportReporter -->
<testsuite hostname="Samsu" name="com.hdfc_project.script.VerifyInvalidLoginE" tests="1" failures="0" timestamp="20 Apr 2020 15:26:54 GMT" time="41.485" errors="0">
  <testcase name="verifyInvalidLogin" time="41.485" classname="com.hdfc_project.script.VerifyInvalidLoginE"/>
</testsuite> <!-- com.hdfc_project.script.VerifyInvalidLoginE -->
