<?xml version="1.0" encoding="UTF-8"?>
<!-- Generated by org.testng.reporters.JUnitReportReporter -->
<testsuite hostname="Samsu" name="com.hdfc_project.script.VarifyValidLoginE" tests="1" failures="0" timestamp="17 Mar 2020 15:33:04 GMT" time="14.288" errors="0">
  <testcase name="verifyValidLogin" time="14.288" classname="com.hdfc_project.script.VarifyValidLoginE"/>
</testsuite> <!-- com.hdfc_project.script.VarifyValidLoginE -->
